2023-04-13 15:46:07,032 INFO using config /home/ubuntu/.config/twarc/config
2023-04-13 15:46:07,034 INFO creating config file: /home/ubuntu/.config/twarc/config
2023-04-13 15:46:07,034 INFO creating config directory: /home/ubuntu/.config/twarc
2023-04-13 15:50:28,506 INFO using config /home/ubuntu/.config/twarc/config
2023-04-13 15:50:28,506 INFO creating HTTP session headers for app auth.
2023-04-13 15:50:28,525 INFO getting ('https://api.twitter.com/2/tweets/search/recent',) {'params': {'expansions': 'author_id,in_reply_to_user_id,referenced_tweets.id,referenced_tweets.id.author_id,entities.mentions.username,attachments.poll_ids,attachments.media_keys,geo.place_id,edit_history_tweet_ids', 'tweet.fields': 'attachments,author_id,context_annotations,conversation_id,created_at,entities,geo,id,in_reply_to_user_id,lang,public_metrics,text,possibly_sensitive,referenced_tweets,reply_settings,source,withheld,edit_controls,edit_history_tweet_ids', 'user.fields': 'created_at,description,entities,id,location,name,pinned_tweet_id,profile_image_url,protected,public_metrics,url,username,verified,verified_type,withheld', 'media.fields': 'alt_text,duration_ms,height,media_key,preview_image_url,type,url,width,variants,public_metrics', 'poll.fields': 'duration_minutes,end_datetime,id,options,voting_status', 'place.fields': 'contained_within,country,country_code,full_name,geo,id,name,place_type', 'start_time': None, 'end_time': None, 'query': 'blacklivesmatter', 'max_results': 100}}
2023-04-13 15:50:29,955 INFO archived 1646540498189049859,1646539911170781186,1646539887930114049,1646539719755399168,1646539250081361922,1646539198369869827,1646539178446921730,1646539171845246976,1646539037392662530,1646538398415421447,1646538307940089856,1646537917270040576,1646537913205764097,1646537726324527107,1646537655104991235,1646537640592695297,1646537481926443008,1646537418177216515,1646537258965798914,1646537209347211265,1646537138824171521,1646536834103508995,1646536806685638656,1646536799827939333,1646536711109787649,1646536621649543168,1646536603991523337,1646536452233109505,1646536236838924289,1646536181608247296,1646536088784175105,1646536014138310660,1646535983033118721,1646535932760276993,1646535834466930688,1646535773955534851,1646535496506527744,1646535383658958849,1646534991583617024,1646534895567503362,1646534812109266946,1646534728680620045,1646534456654856193,1646534179390214144,1646534175607103492,1646533953741017088,1646533883641331712,1646533733116432392,1646533706171940866,1646533091899604994,1646533049906077696,1646532800110051328,1646532612092051456,1646532273351557122,1646532211586351104,1646532043306864640,1646531800402137088,1646531685410897920,1646531653685358592,1646531645275623424,1646531636983373825,1646531621078679552,1646531612404744192,1646531604410519552,1646531596931956736,1646531591534174208,1646531580893036544,1646531508981620736,1646531381118537732,1646531296636866562,1646531043103772676,1646530994483388419,1646530957602861058,1646530834537811968,1646530760810336258,1646530452675776514,1646530425102422016,1646530401958252544,1646530351425277954,1646530314049835019,1646530233947000836,1646529906929700865,1646529662179483652,1646529229524463617,1646529172087640074,1646528911902392321,1646528823318683650,1646528798324822020,1646528682499141637,1646528672898355204,1646528400763527177,1646528311768776717,1646528281712431106,1646528256055844864,1646528241673596928,1646528050627239939,1646526951451144199,1646526609439211525,1646526483748487174,1646526391717097473
2023-04-13 15:50:29,964 INFO getting ('https://api.twitter.com/2/tweets/search/recent',) {'params': {'expansions': 'author_id,in_reply_to_user_id,referenced_tweets.id,referenced_tweets.id.author_id,entities.mentions.username,attachments.poll_ids,attachments.media_keys,geo.place_id,edit_history_tweet_ids', 'tweet.fields': 'attachments,author_id,context_annotations,conversation_id,created_at,entities,geo,id,in_reply_to_user_id,lang,public_metrics,text,possibly_sensitive,referenced_tweets,reply_settings,source,withheld,edit_controls,edit_history_tweet_ids', 'user.fields': 'created_at,description,entities,id,location,name,pinned_tweet_id,profile_image_url,protected,public_metrics,url,username,verified,verified_type,withheld', 'media.fields': 'alt_text,duration_ms,height,media_key,preview_image_url,type,url,width,variants,public_metrics', 'poll.fields': 'duration_minutes,end_datetime,id,options,voting_status', 'place.fields': 'contained_within,country,country_code,full_name,geo,id,name,place_type', 'start_time': None, 'end_time': None, 'query': 'blacklivesmatter', 'max_results': 100, 'next_token': 'b26v89c19zqg8o3fqkd1777h6fyceejt2inhrbjyrlrwd'}}
2023-04-13 15:50:31,466 INFO archived 1646526367092318211,1646526319679930368,1646526040184094720,1646525927587987463,1646525710721499144,1646525528969744385,1646525499295019013,1646525447759618050,1646525383003766792,1646525288904527873,1646525084360904708,1646524951250493443,1646524848351621125,1646524775924396032,1646524738964193280,1646524574333566976,1646524258951258112,1646524153560961029,1646523951353589761,1646523912841465858,1646523863805861891,1646523679835320320,1646523596716777478,1646523571450302467,1646523557139333124,1646523515284361218,1646523492194713605,1646523473475547140,1646523454945124353,1646523398061973504,1646523329015328772,1646523246349787141,1646523194852114432,1646523171045261315,1646523101860204546,1646523016829083651,1646522868677881862,1646522739916935168,1646522694496825348,1646522491563802624,1646522351574728704,1646522324567613441,1646522154266292224,1646522102265298948,1646521924640718849,1646521895544840193,1646521859150872580,1646521720277438464,1646521632142544896,1646521592019812353,1646521470355652609,1646521423576600582,1646521219557228548,1646521105652539392,1646520984118398978,1646520742929125380,1646520636305707008,1646520618106630147,1646520512531824646,1646520096872083456,1646519670961504256,1646519607472304129,1646519480598802432,1646519286683533313,1646519194832502787,1646519140667256837,1646519111810445314,1646519076054003714,1646518856251502592,1646518705206210561,1646518624008683521,1646518421629313026,1646518211444379648,1646518130641080324,1646518086403760129,1646517999350988801,1646517696350285824,1646517478061928456,1646517396688224260,1646517173299593227,1646517090814423049,1646516832545959939,1646516671144943617,1646516531709476867,1646516338331095040,1646516337714548737,1646516276112814080,1646515823853600772,1646515062688071683,1646515046250606592,1646515042723201024,1646514758349365250,1646514051621748738,1646513780116037634,1646513576155426816,1646513463903268866,1646513450510843905,1646513295711678465,1646512972729307142,1646512736006967297
2023-04-13 15:50:31,467 INFO getting ('https://api.twitter.com/2/tweets/search/recent',) {'params': {'expansions': 'author_id,in_reply_to_user_id,referenced_tweets.id,referenced_tweets.id.author_id,entities.mentions.username,attachments.poll_ids,attachments.media_keys,geo.place_id,edit_history_tweet_ids', 'tweet.fields': 'attachments,author_id,context_annotations,conversation_id,created_at,entities,geo,id,in_reply_to_user_id,lang,public_metrics,text,possibly_sensitive,referenced_tweets,reply_settings,source,withheld,edit_controls,edit_history_tweet_ids', 'user.fields': 'created_at,description,entities,id,location,name,pinned_tweet_id,profile_image_url,protected,public_metrics,url,username,verified,verified_type,withheld', 'media.fields': 'alt_text,duration_ms,height,media_key,preview_image_url,type,url,width,variants,public_metrics', 'poll.fields': 'duration_minutes,end_datetime,id,options,voting_status', 'place.fields': 'contained_within,country,country_code,full_name,geo,id,name,place_type', 'start_time': None, 'end_time': None, 'query': 'blacklivesmatter', 'max_results': 100, 'next_token': 'b26v89c19zqg8o3fqkd177767yxqwjgsxsesnolilv4vx'}}
2023-04-13 15:50:32,769 INFO archived 1646512654541000707,1646512521275211776,1646512379969306626,1646512051731431425,1646511675087163393,1646511657668214786,1646511607072301057,1646511467804639232,1646511249956696074,1646511164195749891,1646510945106268162,1646510647675592707,1646510584433704960,1646510294737489921,1646509958937333769,1646509932509016064,1646509716774993920,1646509669006077955,1646509342487707648,1646509297168441344,1646509125461786624,1646509048316010498,1646508953264852994,1646508746724474883,1646508677032210433,1646507969519992833,1646507963740241921,1646507580452118529,1646507237282836481,1646506911913713665,1646506751422758913,1646506405002727425,1646506324560080897,1646506103705051137,1646505953452257281,1646505569895817216,1646505087618129920,1646505003786305537,1646504756557275136,1646504750265823232,1646504560586895361,1646504412159053824,1646504182944342016,1646504151067553792,1646504149536710658,1646504006909415424,1646503866513473536,1646503784388984834,1646503690684215298,1646503643544186886,1646503417316274176,1646503335778721793,1646503285027901442,1646503119302324226,1646503015510073346,1646502955984785408,1646502807405469697,1646502716850487297,1646502624823324676,1646502198392545281,1646502120789532673,1646502008952868864,1646501985234092033,1646501899695210501,1646501797698076673,1646501779889328128,1646501500649086977,1646501456978096128,1646501004844646400,1646500304144470016,1646500153652649984,1646499929731526656,1646499791877152769,1646499750022135810,1646499700164513793,1646499670791712768,1646499504517005313,1646499223888691200,1646499195350654976,1646498708433903618,1646498570877431811,1646498475545350145,1646498378862174208,1646498320985071616,1646498108539371521,1646497787268169728,1646497758478581761,1646497732616683520,1646497616598044673,1646497447768903680,1646497144130482181,1646496414699077632,1646496383615086594,1646496071487483904,1646495960715894786,1646495937647239169,1646495847654502405,1646495768017027074,1646495475892092928,1646495379049816064
2023-04-13 15:50:32,770 INFO getting ('https://api.twitter.com/2/tweets/search/recent',) {'params': {'expansions': 'author_id,in_reply_to_user_id,referenced_tweets.id,referenced_tweets.id.author_id,entities.mentions.username,attachments.poll_ids,attachments.media_keys,geo.place_id,edit_history_tweet_ids', 'tweet.fields': 'attachments,author_id,context_annotations,conversation_id,created_at,entities,geo,id,in_reply_to_user_id,lang,public_metrics,text,possibly_sensitive,referenced_tweets,reply_settings,source,withheld,edit_controls,edit_history_tweet_ids', 'user.fields': 'created_at,description,entities,id,location,name,pinned_tweet_id,profile_image_url,protected,public_metrics,url,username,verified,verified_type,withheld', 'media.fields': 'alt_text,duration_ms,height,media_key,preview_image_url,type,url,width,variants,public_metrics', 'poll.fields': 'duration_minutes,end_datetime,id,options,voting_status', 'place.fields': 'contained_within,country,country_code,full_name,geo,id,name,place_type', 'start_time': None, 'end_time': None, 'query': 'blacklivesmatter', 'max_results': 100, 'next_token': 'b26v89c19zqg8o3fqkd1754uikzqok26ynmb3hi5pmc8t'}}
2023-04-13 15:50:33,998 INFO archived 1646495341183746050,1646495179065683969,1646495019564695552,1646494961943060481,1646494927545593857,1646494924987047936,1646494826345426944,1646494243521789954,1646494191198031873,1646494187603259392,1646494169261645824,1646493954680971265,1646493871042441216,1646493552627662855,1646493466707349506,1646493241649291265,1646493238147072000,1646493116680261640,1646493097390493696,1646493070928625666,1646492816221118464,1646492488285433856,1646492451207630850,1646492410791317507,1646492369284415488,1646492355476717568,1646492028598116355,1646491531887497216,1646491187044397058,1646491079326220288,1646490860412968963,1646490708679720961,1646490654208557057,1646490399127764993,1646490338016501761,1646490322896125953,1646490124740378626,1646489839561236481,1646489814680707072,1646489758300880896,1646489305039372288,1646489167809990658,1646489163644936192,1646489131030118405,1646488943704043520,1646488926314549251,1646488837139447812,1646488755719782401,1646488708139433984,1646488397211488256,1646488396196458496,1646488370271383553,1646488356665057280,1646488342022832129,1646488318501109763,1646488250830274562,1646488247001026560,1646488203015122944,1646487755151605762,1646487492290379777,1646487341635174400,1646487241584427008,1646487130711924736,1646486943184584706,1646486904207036424,1646486860682731521,1646486750175416322,1646486661747052544,1646486646425022465,1646486579609993216,1646486401884495872,1646486182241480705,1646485951051362304,1646485552739282947,1646485392772808711,1646485300963622912,1646485276426903557,1646485074022473731,1646485070834962432,1646485015457325056,1646484742370476032,1646484640125923329,1646484458600579072,1646483868373925888,1646483664165912577,1646483640635760640,1646483403695374336,1646483374834597889,1646483234216181760,1646483209000202244,1646483122127511555,1646483077558837248,1646482047408431106,1646481888507486208,1646481828105125889,1646481555169370112,1646481418292281346,1646480701510807553,1646480471507828736,1646480402876342272
2023-04-13 15:50:33,999 INFO getting ('https://api.twitter.com/2/tweets/search/recent',) {'params': {'expansions': 'author_id,in_reply_to_user_id,referenced_tweets.id,referenced_tweets.id.author_id,entities.mentions.username,attachments.poll_ids,attachments.media_keys,geo.place_id,edit_history_tweet_ids', 'tweet.fields': 'attachments,author_id,context_annotations,conversation_id,created_at,entities,geo,id,in_reply_to_user_id,lang,public_metrics,text,possibly_sensitive,referenced_tweets,reply_settings,source,withheld,edit_controls,edit_history_tweet_ids', 'user.fields': 'created_at,description,entities,id,location,name,pinned_tweet_id,profile_image_url,protected,public_metrics,url,username,verified,verified_type,withheld', 'media.fields': 'alt_text,duration_ms,height,media_key,preview_image_url,type,url,width,variants,public_metrics', 'poll.fields': 'duration_minutes,end_datetime,id,options,voting_status', 'place.fields': 'contained_within,country,country_code,full_name,geo,id,name,place_type', 'start_time': None, 'end_time': None, 'query': 'blacklivesmatter', 'max_results': 100, 'next_token': 'b26v89c19zqg8o3fqkd1754jikpnn1kswzyvudmihtzlp'}}
2023-04-13 15:50:35,227 INFO archived 1646480232872833026,1646480083278856192,1646480018841665538,1646479704793202689,1646479680558571520,1646479544897994757,1646479411812741121,1646479319890362368,1646479091007201280,1646479076528357377,1646478971746365441,1646478892004245505,1646478849872470017,1646478420677632003,1646477544785313793,1646477495347351553,1646477254929555456,1646477161887309824,1646476946975408130,1646476877861732352,1646476732680007680,1646476707149250561,1646476658382368768,1646476416685424641,1646476186682286082,1646475979945017344,1646475664697049089,1646475488066510849,1646475306667061249,1646475067965202432,1646474162783899650,1646474093267501058,1646473721706577923,1646473566823809024,1646473494098591744,1646473366168039425,1646473171493593089,1646473138031427585,1646472968317419520,1646472780467019776,1646472531052830721,1646472488644124674,1646472232070250497,1646472171433381888,1646472012448120832,1646471999210831873,1646471893258567681,1646471821355524097,1646471703550398464,1646471667927986176,1646471505901961216,1646471399056310274,1646471301563809793,1646471208102182912,1646471139307188226,1646471088354865153,1646471034034434049,1646470986571866112,1646470959358963712,1646470785807073282,1646470672246349826,1646469993394053120,1646469958598119424,1646469837873356801,1646469832689295362,1646469698999943170,1646468978938728450,1646468906297556992,1646468594111328256,1646468396152676352,1646468274341961729,1646467834535354369,1646467807234629633,1646467741065388033,1646467588396908546,1646467443211087877,1646467383723274244,1646467372453179392,1646467217469341696,1646467030961340417,1646466945531670528,1646466920932167680,1646466408371322880,1646466333360414720,1646466030577803264,1646466024865243136,1646465885446520833,1646465705351565315,1646465524887351298,1646465437696155648,1646465320641544196,1646465278782447616,1646465017007554560,1646464655651381248,1646464378869362690,1646464296837160960,1646464201144295425,1646464150682345474,1646464139626176513
2023-04-13 15:50:35,229 INFO getting ('https://api.twitter.com/2/tweets/search/recent',) {'params': {'expansions': 'author_id,in_reply_to_user_id,referenced_tweets.id,referenced_tweets.id.author_id,entities.mentions.username,attachments.poll_ids,attachments.media_keys,geo.place_id,edit_history_tweet_ids', 'tweet.fields': 'attachments,author_id,context_annotations,conversation_id,created_at,entities,geo,id,in_reply_to_user_id,lang,public_metrics,text,possibly_sensitive,referenced_tweets,reply_settings,source,withheld,edit_controls,edit_history_tweet_ids', 'user.fields': 'created_at,description,entities,id,location,name,pinned_tweet_id,profile_image_url,protected,public_metrics,url,username,verified,verified_type,withheld', 'media.fields': 'alt_text,duration_ms,height,media_key,preview_image_url,type,url,width,variants,public_metrics', 'poll.fields': 'duration_minutes,end_datetime,id,options,voting_status', 'place.fields': 'contained_within,country,country_code,full_name,geo,id,name,place_type', 'start_time': None, 'end_time': None, 'query': 'blacklivesmatter', 'max_results': 100, 'next_token': 'b26v89c19zqg8o3fqkd1753y3rtd2duz7lbv79mu7met9'}}
2023-04-13 15:50:36,347 INFO archived 1646463891805818881,1646463797660463105,1646463769348915200,1646463752001167360,1646463705666801666,1646463677258661888,1646463520005824512,1646463469690953728,1646463409171341312,1646463221073870848,1646462814054236161,1646462747360755712,1646462736803454976,1646462450617798656,1646462404740411395,1646462033146118145,1646461574473809922,1646461338724577284,1646461171443068928,1646460955164024832,1646460802344394752,1646460747143151617,1646460097785212928,1646459678430310403,1646459618380349443,1646459473274494976,1646459201005264902,1646459154502959105,1646458030933037058,1646458003149803521,1646457915832930305,1646457499418017793,1646456202606379009,1646454804091117568,1646454586658488320,1646453502405926912,1646453178026827779,1646452485073108994,1646451135811670016,1646451043838877698,1646450804348407808,1646450312692084739,1646450079644127232,1646449865239703552,1646449830091452416,1646449236660088833,1646449103839064066,1646448653916143616,1646448509892149250,1646448341365014528,1646448310432018432,1646447958848667648,1646447895732793344,1646447408530833410,1646447398787358721,1646446893872865280,1646446743444234242,1646446726209843200,1646446530155429889,1646446263615774722,1646446216656351236,1646444962815397888,1646444883371085825,1646444638708850688,1646444366674657280,1646444244008140802,1646444100072407042,1646444047329017856,1646443894853480449,1646443726661734403,1646443531777744897,1646443323064713216,1646442923024691200,1646442881492688896,1646442775930458113,1646441881788620800,1646441436701679616,1646441252638846976,1646441104798105601,1646441013467029504,1646440820151578624,1646440754280267776,1646440216448708608,1646439535415541766,1646438710177660928,1646438077475459073,1646437789767204864,1646437262815637504,1646437019373977600,1646436900553515009,1646435629809512448,1646435558414249985,1646434954606268416,1646434237917151232,1646434223769755648,1646434186834718720,1646434178433523714,1646434170267115520,1646434150788878336,1646433399140237313
2023-04-13 15:54:12,596 INFO using config /home/ubuntu/.config/twarc/config
2023-04-13 15:54:12,596 INFO creating HTTP session headers for app auth.
2023-04-13 15:54:12,597 INFO getting ('https://api.twitter.com/2/tweets',) {'params': {'expansions': 'author_id,in_reply_to_user_id,referenced_tweets.id,referenced_tweets.id.author_id,entities.mentions.username,attachments.poll_ids,attachments.media_keys,geo.place_id,edit_history_tweet_ids', 'tweet.fields': 'attachments,author_id,context_annotations,conversation_id,created_at,entities,geo,id,in_reply_to_user_id,lang,public_metrics,text,possibly_sensitive,referenced_tweets,reply_settings,source,withheld,edit_controls,edit_history_tweet_ids', 'user.fields': 'created_at,description,entities,id,location,name,pinned_tweet_id,profile_image_url,protected,public_metrics,url,username,verified,verified_type,withheld', 'media.fields': 'alt_text,duration_ms,height,media_key,preview_image_url,type,url,width,variants,public_metrics', 'poll.fields': 'duration_minutes,end_datetime,id,options,voting_status', 'place.fields': 'contained_within,country,country_code,full_name,geo,id,name,place_type', 'ids': '1646540498189049859'}}
2023-04-13 16:00:45,356 INFO using config /home/ubuntu/.config/twarc/config
2023-04-13 16:00:45,356 INFO creating HTTP session headers for app auth.
2023-04-13 16:00:45,358 INFO getting ('https://api.twitter.com/2/tweets',) {'params': {'expansions': 'author_id,in_reply_to_user_id,referenced_tweets.id,referenced_tweets.id.author_id,entities.mentions.username,attachments.poll_ids,attachments.media_keys,geo.place_id,edit_history_tweet_ids', 'tweet.fields': 'attachments,author_id,context_annotations,conversation_id,created_at,entities,geo,id,in_reply_to_user_id,lang,public_metrics,text,possibly_sensitive,referenced_tweets,reply_settings,source,withheld,edit_controls,edit_history_tweet_ids', 'user.fields': 'created_at,description,entities,id,location,name,pinned_tweet_id,profile_image_url,protected,public_metrics,url,username,verified,verified_type,withheld', 'media.fields': 'alt_text,duration_ms,height,media_key,preview_image_url,type,url,width,variants,public_metrics', 'poll.fields': 'duration_minutes,end_datetime,id,options,voting_status', 'place.fields': 'contained_within,country,country_code,full_name,geo,id,name,place_type', 'ids': '1646540498189049859'}}
2023-04-14 15:05:10,765 INFO using config /home/ubuntu/.config/twarc/config
2023-04-14 15:05:10,765 INFO creating HTTP session headers for app auth.
2023-04-14 15:05:10,766 INFO getting ('https://api.twitter.com/2/tweets',) {'params': {'expansions': 'author_id,in_reply_to_user_id,referenced_tweets.id,referenced_tweets.id.author_id,entities.mentions.username,attachments.poll_ids,attachments.media_keys,geo.place_id,edit_history_tweet_ids', 'tweet.fields': 'attachments,author_id,context_annotations,conversation_id,created_at,entities,geo,id,in_reply_to_user_id,lang,public_metrics,text,possibly_sensitive,referenced_tweets,reply_settings,source,withheld,edit_controls,edit_history_tweet_ids', 'user.fields': 'created_at,description,entities,id,location,name,pinned_tweet_id,profile_image_url,protected,public_metrics,url,username,verified,verified_type,withheld', 'media.fields': 'alt_text,duration_ms,height,media_key,preview_image_url,type,url,width,variants,public_metrics', 'poll.fields': 'duration_minutes,end_datetime,id,options,voting_status', 'place.fields': 'contained_within,country,country_code,full_name,geo,id,name,place_type', 'ids': '1646540498189049859'}}
2023-04-14 15:10:56,492 INFO using config /home/ubuntu/.config/twarc/config
2023-04-14 15:10:56,493 INFO creating HTTP session headers for app auth.
2023-04-14 15:10:56,498 ERROR Error when trying to parse json: '{
' Expecting property name enclosed in double quotes: line 2 column 1 (char 2)
2023-04-14 15:10:56,498 ERROR Error when trying to parse json: '  "data": [
' Extra data: line 1 column 9 (char 8)
2023-04-14 15:10:56,498 ERROR Error when trying to parse json: '    {
' Expecting property name enclosed in double quotes: line 2 column 1 (char 6)
2023-04-14 15:10:56,499 ERROR Error when trying to parse json: '      "lang": "en",
' Extra data: line 1 column 13 (char 12)
2023-04-14 15:10:56,499 ERROR Error when trying to parse json: '      "edit_controls": {
' Extra data: line 1 column 22 (char 21)
2023-04-14 15:10:56,499 ERROR Error when trying to parse json: '        "edits_remaining": 5,
' Extra data: line 1 column 26 (char 25)
2023-04-14 15:10:56,499 ERROR Error when trying to parse json: '        "is_edit_eligible": true,
' Extra data: line 1 column 27 (char 26)
2023-04-14 15:10:56,499 ERROR Error when trying to parse json: '        "editable_until": "2023-04-13T16:17:00.000Z"
' Extra data: line 1 column 25 (char 24)
2023-04-14 15:10:56,500 ERROR Error when trying to parse json: '      },
' Expecting value: line 1 column 7 (char 6)
2023-04-14 15:10:56,500 ERROR Error when trying to parse json: '      "edit_history_tweet_ids": [
' Extra data: line 1 column 31 (char 30)
2023-04-14 15:11:55,711 INFO using config /home/ubuntu/.config/twarc/config
2023-04-14 15:11:55,711 INFO creating HTTP session headers for app auth.
2023-04-14 15:11:55,716 ERROR Error when trying to parse json: '{
' Expecting property name enclosed in double quotes: line 2 column 1 (char 2)
2023-04-14 15:11:55,716 ERROR Error when trying to parse json: '  "data": [
' Extra data: line 1 column 9 (char 8)
2023-04-14 15:11:55,716 ERROR Error when trying to parse json: '    {
' Expecting property name enclosed in double quotes: line 2 column 1 (char 6)
2023-04-14 15:11:55,716 ERROR Error when trying to parse json: '      "lang": "en",
' Extra data: line 1 column 13 (char 12)
2023-04-14 15:11:55,716 ERROR Error when trying to parse json: '      "edit_controls": {
' Extra data: line 1 column 22 (char 21)
2023-04-14 15:11:55,716 ERROR Error when trying to parse json: '        "edits_remaining": 5,
' Extra data: line 1 column 26 (char 25)
2023-04-14 15:11:55,716 ERROR Error when trying to parse json: '        "is_edit_eligible": true,
' Extra data: line 1 column 27 (char 26)
2023-04-14 15:11:55,717 ERROR Error when trying to parse json: '        "editable_until": "2023-04-13T16:17:00.000Z"
' Extra data: line 1 column 25 (char 24)
2023-04-14 15:11:55,717 ERROR Error when trying to parse json: '      },
' Expecting value: line 1 column 7 (char 6)
2023-04-14 15:11:55,717 ERROR Error when trying to parse json: '      "edit_history_tweet_ids": [
' Extra data: line 1 column 31 (char 30)
2023-04-14 15:13:43,291 INFO using config /home/ubuntu/.config/twarc/config
2023-04-14 15:13:43,292 INFO creating HTTP session headers for app auth.
2023-04-14 15:14:55,662 INFO using config /home/ubuntu/.config/twarc/config
2023-04-14 15:14:55,662 INFO creating HTTP session headers for app auth.
2023-04-14 15:18:36,156 INFO using config /home/ubuntu/.config/twarc/config
2023-04-14 15:18:36,157 INFO creating HTTP session headers for app auth.
2023-04-14 15:40:40,833 INFO using config /home/ubuntu/.config/twarc/config
2023-04-14 15:40:40,833 INFO creating HTTP session headers for app auth.
2023-04-14 15:40:40,834 INFO getting ('https://api.twitter.com/2/tweets',) {'params': {'expansions': 'author_id,in_reply_to_user_id,referenced_tweets.id,referenced_tweets.id.author_id,entities.mentions.username,attachments.poll_ids,attachments.media_keys,geo.place_id,edit_history_tweet_ids', 'tweet.fields': 'attachments,author_id,context_annotations,conversation_id,created_at,entities,geo,id,in_reply_to_user_id,lang,public_metrics,text,possibly_sensitive,referenced_tweets,reply_settings,source,withheld,edit_controls,edit_history_tweet_ids', 'user.fields': 'created_at,description,entities,id,location,name,pinned_tweet_id,profile_image_url,protected,public_metrics,url,username,verified,verified_type,withheld', 'media.fields': 'alt_text,duration_ms,height,media_key,preview_image_url,type,url,width,variants,public_metrics', 'poll.fields': 'duration_minutes,end_datetime,id,options,voting_status', 'place.fields': 'contained_within,country,country_code,full_name,geo,id,name,place_type', 'ids': '1'}}
2023-04-14 15:40:41,593 INFO using config /home/ubuntu/.config/twarc/config
2023-04-14 15:40:41,593 INFO creating HTTP session headers for app auth.
2023-04-14 15:40:41,594 INFO getting ('https://api.twitter.com/2/tweets',) {'params': {'expansions': 'author_id,in_reply_to_user_id,referenced_tweets.id,referenced_tweets.id.author_id,entities.mentions.username,attachments.poll_ids,attachments.media_keys,geo.place_id,edit_history_tweet_ids', 'tweet.fields': 'attachments,author_id,context_annotations,conversation_id,created_at,entities,geo,id,in_reply_to_user_id,lang,public_metrics,text,possibly_sensitive,referenced_tweets,reply_settings,source,withheld,edit_controls,edit_history_tweet_ids', 'user.fields': 'created_at,description,entities,id,location,name,pinned_tweet_id,profile_image_url,protected,public_metrics,url,username,verified,verified_type,withheld', 'media.fields': 'alt_text,duration_ms,height,media_key,preview_image_url,type,url,width,variants,public_metrics', 'poll.fields': 'duration_minutes,end_datetime,id,options,voting_status', 'place.fields': 'contained_within,country,country_code,full_name,geo,id,name,place_type', 'ids': '2'}}
2023-04-14 15:44:06,094 INFO using config /home/ubuntu/.config/twarc/config
2023-04-14 15:44:06,094 INFO creating HTTP session headers for app auth.
2023-04-14 15:44:06,785 INFO using config /home/ubuntu/.config/twarc/config
2023-04-14 15:44:06,785 INFO creating HTTP session headers for app auth.
2023-04-15 15:41:15,512 INFO using config /home/ubuntu/.config/twarc/config
2023-04-15 15:41:15,513 INFO creating HTTP session headers for app auth.
2023-04-15 15:41:16,640 INFO using config /home/ubuntu/.config/twarc/config
2023-04-15 15:41:16,641 INFO creating HTTP session headers for app auth.
2023-04-15 15:41:17,774 INFO using config /home/ubuntu/.config/twarc/config
2023-04-15 15:41:17,774 INFO creating HTTP session headers for app auth.
2023-04-15 15:41:52,401 INFO using config /home/ubuntu/.config/twarc/config
2023-04-15 15:41:52,402 INFO creating HTTP session headers for app auth.
2023-04-15 15:41:53,229 INFO using config /home/ubuntu/.config/twarc/config
2023-04-15 15:41:53,229 INFO creating HTTP session headers for app auth.
2023-04-15 15:41:54,019 INFO using config /home/ubuntu/.config/twarc/config
2023-04-15 15:41:54,020 INFO creating HTTP session headers for app auth.
2023-04-15 15:42:42,002 INFO using config /home/ubuntu/.config/twarc/config
2023-04-15 15:42:42,002 INFO creating HTTP session headers for app auth.
2023-04-15 15:42:42,824 INFO using config /home/ubuntu/.config/twarc/config
2023-04-15 15:42:42,824 INFO creating HTTP session headers for app auth.
2023-04-15 15:42:43,615 INFO using config /home/ubuntu/.config/twarc/config
2023-04-15 15:42:43,616 INFO creating HTTP session headers for app auth.
2023-04-15 15:42:59,541 INFO using config /home/ubuntu/.config/twarc/config
2023-04-15 15:42:59,542 INFO creating HTTP session headers for app auth.
2023-04-15 15:42:59,543 INFO getting ('https://api.twitter.com/2/tweets',) {'params': {'expansions': 'author_id,in_reply_to_user_id,referenced_tweets.id,referenced_tweets.id.author_id,entities.mentions.username,attachments.poll_ids,attachments.media_keys,geo.place_id,edit_history_tweet_ids', 'tweet.fields': 'attachments,author_id,context_annotations,conversation_id,created_at,entities,geo,id,in_reply_to_user_id,lang,public_metrics,text,possibly_sensitive,referenced_tweets,reply_settings,source,withheld,edit_controls,edit_history_tweet_ids', 'user.fields': 'created_at,description,entities,id,location,name,pinned_tweet_id,profile_image_url,protected,public_metrics,url,username,verified,verified_type,withheld', 'media.fields': 'alt_text,duration_ms,height,media_key,preview_image_url,type,url,width,variants,public_metrics', 'poll.fields': 'duration_minutes,end_datetime,id,options,voting_status', 'place.fields': 'contained_within,country,country_code,full_name,geo,id,name,place_type', 'ids': '1000'}}
2023-04-15 15:43:00,778 INFO using config /home/ubuntu/.config/twarc/config
2023-04-15 15:43:00,779 INFO creating HTTP session headers for app auth.
2023-04-15 15:43:01,873 INFO using config /home/ubuntu/.config/twarc/config
2023-04-15 15:43:01,874 INFO creating HTTP session headers for app auth.
2023-04-15 15:43:01,875 INFO getting ('https://api.twitter.com/2/tweets',) {'params': {'expansions': 'author_id,in_reply_to_user_id,referenced_tweets.id,referenced_tweets.id.author_id,entities.mentions.username,attachments.poll_ids,attachments.media_keys,geo.place_id,edit_history_tweet_ids', 'tweet.fields': 'attachments,author_id,context_annotations,conversation_id,created_at,entities,geo,id,in_reply_to_user_id,lang,public_metrics,text,possibly_sensitive,referenced_tweets,reply_settings,source,withheld,edit_controls,edit_history_tweet_ids', 'user.fields': 'created_at,description,entities,id,location,name,pinned_tweet_id,profile_image_url,protected,public_metrics,url,username,verified,verified_type,withheld', 'media.fields': 'alt_text,duration_ms,height,media_key,preview_image_url,type,url,width,variants,public_metrics', 'poll.fields': 'duration_minutes,end_datetime,id,options,voting_status', 'place.fields': 'contained_within,country,country_code,full_name,geo,id,name,place_type', 'ids': '1001'}}
2023-04-15 15:43:03,120 INFO using config /home/ubuntu/.config/twarc/config
2023-04-15 15:43:03,120 INFO creating HTTP session headers for app auth.
2023-04-15 15:43:04,216 INFO using config /home/ubuntu/.config/twarc/config
2023-04-15 15:43:04,217 INFO creating HTTP session headers for app auth.
2023-04-15 15:43:04,218 INFO getting ('https://api.twitter.com/2/tweets',) {'params': {'expansions': 'author_id,in_reply_to_user_id,referenced_tweets.id,referenced_tweets.id.author_id,entities.mentions.username,attachments.poll_ids,attachments.media_keys,geo.place_id,edit_history_tweet_ids', 'tweet.fields': 'attachments,author_id,context_annotations,conversation_id,created_at,entities,geo,id,in_reply_to_user_id,lang,public_metrics,text,possibly_sensitive,referenced_tweets,reply_settings,source,withheld,edit_controls,edit_history_tweet_ids', 'user.fields': 'created_at,description,entities,id,location,name,pinned_tweet_id,profile_image_url,protected,public_metrics,url,username,verified,verified_type,withheld', 'media.fields': 'alt_text,duration_ms,height,media_key,preview_image_url,type,url,width,variants,public_metrics', 'poll.fields': 'duration_minutes,end_datetime,id,options,voting_status', 'place.fields': 'contained_within,country,country_code,full_name,geo,id,name,place_type', 'ids': '1002'}}
2023-04-15 15:43:05,393 INFO using config /home/ubuntu/.config/twarc/config
2023-04-15 15:43:05,394 INFO creating HTTP session headers for app auth.
2023-04-15 15:47:07,332 INFO using config /home/ubuntu/.config/twarc/config
2023-04-15 15:47:07,333 INFO creating HTTP session headers for app auth.
2023-04-15 15:47:07,334 INFO getting ('https://api.twitter.com/2/tweets',) {'params': {'expansions': 'author_id,in_reply_to_user_id,referenced_tweets.id,referenced_tweets.id.author_id,entities.mentions.username,attachments.poll_ids,attachments.media_keys,geo.place_id,edit_history_tweet_ids', 'tweet.fields': 'attachments,author_id,context_annotations,conversation_id,created_at,entities,geo,id,in_reply_to_user_id,lang,public_metrics,text,possibly_sensitive,referenced_tweets,reply_settings,source,withheld,edit_controls,edit_history_tweet_ids', 'user.fields': 'created_at,description,entities,id,location,name,pinned_tweet_id,profile_image_url,protected,public_metrics,url,username,verified,verified_type,withheld', 'media.fields': 'alt_text,duration_ms,height,media_key,preview_image_url,type,url,width,variants,public_metrics', 'poll.fields': 'duration_minutes,end_datetime,id,options,voting_status', 'place.fields': 'contained_within,country,country_code,full_name,geo,id,name,place_type', 'ids': '100'}}
2023-04-15 15:47:08,278 INFO using config /home/ubuntu/.config/twarc/config
2023-04-15 15:47:08,278 INFO creating HTTP session headers for app auth.
2023-04-15 15:47:09,096 INFO using config /home/ubuntu/.config/twarc/config
2023-04-15 15:47:09,097 INFO creating HTTP session headers for app auth.
2023-04-15 15:47:09,098 INFO getting ('https://api.twitter.com/2/tweets',) {'params': {'expansions': 'author_id,in_reply_to_user_id,referenced_tweets.id,referenced_tweets.id.author_id,entities.mentions.username,attachments.poll_ids,attachments.media_keys,geo.place_id,edit_history_tweet_ids', 'tweet.fields': 'attachments,author_id,context_annotations,conversation_id,created_at,entities,geo,id,in_reply_to_user_id,lang,public_metrics,text,possibly_sensitive,referenced_tweets,reply_settings,source,withheld,edit_controls,edit_history_tweet_ids', 'user.fields': 'created_at,description,entities,id,location,name,pinned_tweet_id,profile_image_url,protected,public_metrics,url,username,verified,verified_type,withheld', 'media.fields': 'alt_text,duration_ms,height,media_key,preview_image_url,type,url,width,variants,public_metrics', 'poll.fields': 'duration_minutes,end_datetime,id,options,voting_status', 'place.fields': 'contained_within,country,country_code,full_name,geo,id,name,place_type', 'ids': '101'}}
2023-04-15 15:47:10,064 INFO using config /home/ubuntu/.config/twarc/config
2023-04-15 15:47:10,064 INFO creating HTTP session headers for app auth.
2023-04-15 15:47:10,875 INFO using config /home/ubuntu/.config/twarc/config
2023-04-15 15:47:10,876 INFO creating HTTP session headers for app auth.
2023-04-15 15:47:10,877 INFO getting ('https://api.twitter.com/2/tweets',) {'params': {'expansions': 'author_id,in_reply_to_user_id,referenced_tweets.id,referenced_tweets.id.author_id,entities.mentions.username,attachments.poll_ids,attachments.media_keys,geo.place_id,edit_history_tweet_ids', 'tweet.fields': 'attachments,author_id,context_annotations,conversation_id,created_at,entities,geo,id,in_reply_to_user_id,lang,public_metrics,text,possibly_sensitive,referenced_tweets,reply_settings,source,withheld,edit_controls,edit_history_tweet_ids', 'user.fields': 'created_at,description,entities,id,location,name,pinned_tweet_id,profile_image_url,protected,public_metrics,url,username,verified,verified_type,withheld', 'media.fields': 'alt_text,duration_ms,height,media_key,preview_image_url,type,url,width,variants,public_metrics', 'poll.fields': 'duration_minutes,end_datetime,id,options,voting_status', 'place.fields': 'contained_within,country,country_code,full_name,geo,id,name,place_type', 'ids': '102'}}
2023-04-15 15:47:11,751 INFO using config /home/ubuntu/.config/twarc/config
2023-04-15 15:47:11,751 INFO creating HTTP session headers for app auth.
